TN:
SF:src/controllers/ahpController.js
FN:3,exports.calculateAHP
FN:54,exports.saveAHPWeights
FNF:2
FNH:2
FNDA:2,exports.calculateAHP
FNDA:3,exports.saveAHPWeights
DA:1,1
DA:2,1
DA:3,1
DA:4,2
DA:5,2
DA:6,2
DA:7,2
DA:8,2
DA:9,2
DA:10,6
DA:11,18
DA:12,18
DA:13,6
DA:14,2
DA:15,2
DA:16,2
DA:17,2
DA:18,6
DA:19,6
DA:20,18
DA:21,18
DA:22,6
DA:23,2
DA:24,2
DA:25,2
DA:26,6
DA:27,2
DA:28,2
DA:29,2
DA:30,2
DA:31,6
DA:32,6
DA:33,2
DA:34,2
DA:35,2
DA:36,2
DA:37,2
DA:38,2
DA:39,2
DA:40,2
DA:41,2
DA:42,2
DA:43,2
DA:44,2
DA:45,2
DA:46,2
DA:47,2
DA:48,2
DA:49,2
DA:50,2
DA:51,2
DA:52,2
DA:53,1
DA:54,1
DA:55,3
DA:56,3
DA:57,3
DA:58,3
DA:59,3
DA:60,5
DA:61,5
DA:62,5
DA:63,5
DA:64,5
DA:65,4
DA:66,5
DA:67,1
DA:68,1
DA:69,1
DA:70,1
DA:71,1
DA:72,5
DA:73,3
DA:74,3
DA:75,3
DA:76,3
DA:77,3
DA:78,5
DA:79,2
DA:80,2
DA:81,3
DA:82,1
DA:83,1
DA:84,3
LF:84
LH:84
BRDA:3,0,0,2
BRDA:9,1,0,6
BRDA:10,2,0,18
BRDA:17,3,0,6
BRDA:19,4,0,18
BRDA:40,5,0,0
BRDA:25,6,0,6
BRDA:26,7,0,18
BRDA:30,8,0,6
BRDA:31,9,0,18
BRDA:54,10,0,3
BRDA:59,11,0,5
BRDA:64,12,0,4
BRDA:66,13,0,1
BRDA:72,14,0,3
BRDA:78,15,0,2
BRDA:81,16,0,1
BRF:17
BRH:16
end_of_record
TN:
SF:src/controllers/authController.js
FN:6,exports.register
FN:29,exports.login
FNF:2
FNH:2
FNDA:3,exports.register
FNDA:4,exports.login
DA:1,1
DA:2,1
DA:3,1
DA:4,1
DA:5,1
DA:6,1
DA:7,3
DA:8,3
DA:9,1
DA:10,1
DA:11,2
DA:12,2
DA:13,2
DA:14,2
DA:15,2
DA:16,2
DA:17,2
DA:18,2
DA:19,2
DA:20,2
DA:21,2
DA:22,1
DA:23,1
DA:24,1
DA:25,1
DA:26,3
DA:27,1
DA:28,1
DA:29,1
DA:30,4
DA:31,4
DA:32,1
DA:33,1
DA:34,3
DA:35,3
DA:36,3
DA:37,4
DA:38,2
DA:39,2
DA:40,4
DA:41,1
DA:42,1
DA:43,1
DA:44,1
DA:45,1
DA:46,1
DA:47,4
DA:48,0
DA:49,0
DA:50,4
LF:50
LH:48
BRDA:6,0,0,3
BRDA:8,1,0,1
BRDA:10,2,0,2
BRDA:21,3,0,1
BRDA:29,4,0,4
BRDA:31,5,0,3
BRDA:31,6,0,1
BRDA:33,7,0,3
BRDA:37,8,0,1
BRDA:37,9,0,2
BRDA:40,10,0,1
BRDA:47,11,0,0
BRF:12
BRH:11
end_of_record
TN:
SF:src/controllers/bobotController.js
FN:7,exports.getAllBobot
FN:19,exports.upsertBobot
FN:59,hitungSkor
FNF:3
FNH:2
FNDA:2,exports.getAllBobot
FNDA:3,exports.upsertBobot
FNDA:0,hitungSkor
DA:1,1
DA:2,1
DA:3,1
DA:4,1
DA:5,1
DA:6,1
DA:7,1
DA:8,2
DA:9,2
DA:10,2
DA:11,2
DA:12,1
DA:13,1
DA:14,1
DA:15,1
DA:16,2
DA:17,1
DA:18,1
DA:19,1
DA:20,3
DA:21,3
DA:22,3
DA:23,2
DA:24,2
DA:25,2
DA:26,2
DA:27,2
DA:28,2
DA:29,2
DA:30,2
DA:31,1
DA:32,1
DA:33,1
DA:34,1
DA:35,1
DA:36,1
DA:37,2
DA:38,2
DA:39,2
DA:40,2
DA:41,1
DA:42,1
DA:43,1
DA:44,1
DA:45,1
DA:46,1
DA:47,1
DA:48,3
DA:49,2
DA:50,2
DA:51,1
DA:52,1
DA:53,1
DA:54,1
DA:55,1
DA:56,3
DA:57,1
DA:58,1
DA:59,0
DA:60,0
DA:61,0
DA:62,0
DA:63,0
DA:64,0
DA:65,0
DA:66,0
DA:67,0
DA:68,0
DA:69,0
DA:70,0
DA:71,0
DA:72,0
LF:72
LH:58
BRDA:7,0,0,2
BRDA:11,1,0,1
BRDA:19,2,0,3
BRDA:21,3,0,2
BRDA:22,4,0,1
BRDA:22,5,0,2
BRDA:30,6,0,1
BRDA:48,7,0,2
BRDA:50,8,0,1
BRDA:34,9,0,2
BRDA:36,10,0,2
BRF:11
BRH:11
end_of_record
TN:
SF:src/controllers/dashboardController.js
FN:6,exports.getKesimpulanGlobal
FN:42,exports.getSkorKaryawan
FN:82,exports.getRingkasanBulanan
FNF:3
FNH:3
FNDA:2,exports.getKesimpulanGlobal
FNDA:2,exports.getSkorKaryawan
FNDA:1,exports.getRingkasanBulanan
DA:1,1
DA:2,1
DA:3,1
DA:4,1
DA:5,1
DA:6,1
DA:7,2
DA:8,2
DA:9,2
DA:10,2
DA:11,1
DA:12,1
DA:13,2
DA:14,0
DA:15,0
DA:16,0
DA:17,0
DA:18,0
DA:19,1
DA:20,1
DA:21,1
DA:22,1
DA:23,4
DA:24,4
DA:25,1
DA:26,1
DA:27,1
DA:28,1
DA:29,1
DA:30,1
DA:31,1
DA:32,1
DA:33,1
DA:34,1
DA:35,1
DA:36,1
DA:37,2
DA:38,1
DA:39,1
DA:40,1
DA:41,1
DA:42,1
DA:43,2
DA:44,2
DA:45,2
DA:46,2
DA:47,2
DA:48,2
DA:49,2
DA:50,2
DA:51,2
DA:52,2
DA:53,2
DA:54,2
DA:55,2
DA:56,2
DA:57,1
DA:58,1
DA:59,2
DA:60,2
DA:61,4
DA:62,4
DA:63,2
DA:64,2
DA:65,2
DA:66,2
DA:67,2
DA:68,2
DA:69,2
DA:70,2
DA:71,1
DA:72,1
DA:73,1
DA:74,1
DA:75,1
DA:76,1
DA:77,2
DA:78,1
DA:79,1
DA:80,1
DA:81,1
DA:82,1
DA:83,1
DA:84,1
DA:85,1
DA:86,1
DA:87,0
DA:88,0
DA:89,1
LF:89
LH:82
BRDA:6,0,0,2
BRDA:10,1,0,1
BRDA:13,2,0,0
BRDA:18,3,0,1
BRDA:22,4,0,4
BRDA:24,5,0,2
BRDA:27,6,0,1
BRDA:32,7,0,2
BRDA:42,8,0,2
BRDA:56,9,0,1
BRDA:58,10,0,2
BRDA:60,11,0,4
BRDA:61,12,0,3
BRDA:61,13,0,1
BRDA:82,14,0,1
BRDA:86,15,0,0
BRF:16
BRH:14
end_of_record
TN:
SF:src/controllers/karyawanController.js
FN:7,exports.getAllKaryawan
FN:24,exports.getKaryawanById
FN:41,exports.addKaryawan
FN:59,exports.deleteKaryawan
FN:74,exports.updateKaryawan
FNF:5
FNH:5
FNDA:2,exports.getAllKaryawan
FNDA:3,exports.getKaryawanById
FNDA:2,exports.addKaryawan
FNDA:2,exports.deleteKaryawan
FNDA:2,exports.updateKaryawan
DA:1,1
DA:2,1
DA:3,1
DA:4,1
DA:5,1
DA:6,1
DA:7,1
DA:8,2
DA:9,2
DA:10,1
DA:11,1
DA:12,1
DA:13,2
DA:14,2
DA:15,1
DA:16,1
DA:17,1
DA:18,1
DA:19,1
DA:20,1
DA:21,1
DA:22,2
DA:23,1
DA:24,1
DA:25,3
DA:26,3
DA:27,2
DA:28,2
DA:29,2
DA:30,2
DA:31,3
DA:32,1
DA:33,1
DA:34,1
DA:35,3
DA:36,0
DA:37,0
DA:38,3
DA:39,1
DA:40,1
DA:41,1
DA:42,2
DA:43,2
DA:44,2
DA:45,2
DA:46,2
DA:47,2
DA:48,2
DA:49,2
DA:50,1
DA:51,1
DA:52,1
DA:53,1
DA:54,0
DA:55,0
DA:56,2
DA:57,1
DA:58,1
DA:59,1
DA:60,2
DA:61,2
DA:62,2
DA:63,2
DA:64,2
DA:65,1
DA:66,1
DA:67,1
DA:68,1
DA:69,0
DA:70,0
DA:71,2
DA:72,1
DA:73,1
DA:74,1
DA:75,2
DA:76,2
DA:77,2
DA:78,2
DA:79,2
DA:80,2
DA:81,1
DA:82,1
DA:83,1
DA:84,1
DA:85,1
DA:86,2
DA:87,2
DA:88,2
DA:89,2
DA:90,2
DA:91,1
DA:92,2
DA:93,0
DA:94,0
DA:95,0
DA:96,0
DA:97,0
DA:98,0
DA:99,2
LF:99
LH:87
BRDA:7,0,0,2
BRDA:9,1,0,1
BRDA:12,2,0,2
BRDA:24,3,0,3
BRDA:26,4,0,1
BRDA:26,5,0,2
BRDA:31,6,0,1
BRDA:35,7,0,0
BRDA:41,8,0,2
BRDA:44,9,0,0
BRDA:48,10,0,1
BRDA:49,11,0,1
BRDA:53,12,0,0
BRDA:59,13,0,2
BRDA:61,14,0,0
BRDA:64,15,0,1
BRDA:68,16,0,0
BRDA:74,17,0,2
BRDA:78,18,0,0
BRDA:79,19,0,1
BRDA:79,20,0,1
BRDA:80,21,0,1
BRDA:87,22,0,0
BRDA:88,23,0,0
BRDA:90,24,0,1
BRDA:92,25,0,0
BRF:26
BRH:17
end_of_record
TN:
SF:src/controllers/kriteriaController.js
FN:5,exports.getAllKriteria
FN:17,exports.addKriteria
FN:30,exports.deleteKriteria
FN:40,exports.recalculate
FNF:4
FNH:4
FNDA:2,exports.getAllKriteria
FNDA:2,exports.addKriteria
FNDA:2,exports.deleteKriteria
FNDA:2,exports.recalculate
DA:1,1
DA:2,1
DA:3,1
DA:4,1
DA:5,1
DA:6,2
DA:7,2
DA:8,2
DA:9,2
DA:10,1
DA:11,1
DA:12,1
DA:13,1
DA:14,2
DA:15,1
DA:16,1
DA:17,1
DA:18,2
DA:19,2
DA:20,2
DA:21,2
DA:22,2
DA:23,1
DA:24,1
DA:25,1
DA:26,1
DA:27,2
DA:28,1
DA:29,1
DA:30,1
DA:31,2
DA:32,2
DA:33,2
DA:34,1
DA:35,1
DA:36,1
DA:37,1
DA:38,2
DA:39,1
DA:40,1
DA:41,2
DA:42,2
DA:43,2
DA:44,1
DA:45,1
DA:46,1
DA:47,1
DA:48,2
LF:48
LH:48
BRDA:5,0,0,2
BRDA:9,1,0,1
BRDA:17,2,0,2
BRDA:22,3,0,1
BRDA:30,4,0,2
BRDA:33,5,0,1
BRDA:40,6,0,2
BRDA:43,7,0,1
BRF:8
BRH:8
end_of_record
TN:
SF:src/controllers/notifikasiController.js
FN:14,generateLaporanPDF
FN:44,kirimPemecatanMassal
FN:80,kirimEmailKaryawan
FN:104,kirimPeringatan
FNF:4
FNH:4
FNDA:1,generateLaporanPDF
FNDA:2,kirimPemecatanMassal
FNDA:2,kirimEmailKaryawan
FNDA:1,kirimPeringatan
DA:1,1
DA:2,1
DA:3,1
DA:4,1
DA:5,1
DA:6,1
DA:7,1
DA:8,1
DA:9,1
DA:10,1
DA:11,1
DA:12,1
DA:13,1
DA:14,1
DA:15,1
DA:16,1
DA:17,1
DA:18,1
DA:19,1
DA:20,1
DA:21,1
DA:22,1
DA:23,1
DA:24,1
DA:25,1
DA:26,1
DA:27,1
DA:28,1
DA:29,1
DA:30,1
DA:31,1
DA:32,1
DA:33,1
DA:34,1
DA:35,1
DA:36,1
DA:37,1
DA:38,1
DA:39,1
DA:40,1
DA:41,1
DA:42,1
DA:43,1
DA:44,1
DA:45,2
DA:46,2
DA:47,1
DA:48,1
DA:49,2
DA:50,2
DA:51,2
DA:52,2
DA:53,2
DA:54,2
DA:55,2
DA:56,2
DA:57,2
DA:58,2
DA:59,2
DA:60,2
DA:61,2
DA:62,1
DA:63,1
DA:64,1
DA:65,1
DA:66,1
DA:67,1
DA:68,1
DA:69,1
DA:70,1
DA:71,1
DA:72,2
DA:73,1
DA:74,1
DA:75,1
DA:76,1
DA:77,1
DA:78,2
DA:79,1
DA:80,1
DA:81,2
DA:82,2
DA:83,2
DA:84,2
DA:85,2
DA:86,2
DA:87,2
DA:88,2
DA:89,1
DA:90,1
DA:91,1
DA:92,1
DA:93,1
DA:94,1
DA:95,1
DA:96,1
DA:97,1
DA:98,1
DA:99,2
DA:100,0
DA:101,0
DA:102,2
DA:103,1
DA:104,1
DA:105,1
DA:106,1
DA:107,1
DA:108,1
DA:109,1
DA:110,0
DA:111,0
DA:112,0
DA:113,1
DA:114,1
DA:115,1
DA:116,1
DA:117,1
DA:118,1
DA:119,1
DA:120,1
LF:120
LH:115
BRDA:14,0,0,1
BRDA:44,1,0,2
BRDA:46,2,0,1
BRDA:58,3,0,0
BRDA:61,4,0,1
BRDA:61,5,0,1
BRDA:72,6,0,1
BRDA:58,7,0,2
BRDA:80,8,0,2
BRDA:88,9,0,1
BRDA:88,10,0,1
BRDA:99,11,0,0
BRDA:104,12,0,1
BRDA:109,13,0,0
BRF:14
BRH:11
end_of_record
TN:
SF:src/controllers/penilaianController.js
FN:5,exports.getAllPenilaian
FN:20,exports.upsertPenilaian
FN:60,exports.deletePenilaian
FN:70,exports.getOverview
FN:132,exports.getRanking
FNF:5
FNH:5
FNDA:1,exports.getAllPenilaian
FNDA:3,exports.upsertPenilaian
FNDA:1,exports.deletePenilaian
FNDA:2,exports.getOverview
FNDA:2,exports.getRanking
DA:1,1
DA:2,1
DA:3,1
DA:4,1
DA:5,1
DA:6,1
DA:7,1
DA:8,1
DA:9,1
DA:10,1
DA:11,1
DA:12,1
DA:13,1
DA:14,1
DA:15,0
DA:16,0
DA:17,1
DA:18,1
DA:19,1
DA:20,1
DA:21,3
DA:22,3
DA:23,3
DA:24,3
DA:25,2
DA:26,2
DA:27,2
DA:28,2
DA:29,2
DA:30,2
DA:31,2
DA:32,2
DA:33,2
DA:34,2
DA:35,2
DA:36,2
DA:37,2
DA:38,2
DA:39,2
DA:40,2
DA:41,2
DA:42,3
DA:43,1
DA:44,1
DA:45,1
DA:46,1
DA:47,1
DA:48,1
DA:49,1
DA:50,1
DA:51,1
DA:52,2
DA:53,2
DA:54,3
DA:55,0
DA:56,0
DA:57,3
DA:58,1
DA:59,1
DA:60,1
DA:61,1
DA:62,1
DA:63,1
DA:64,1
DA:65,1
DA:66,0
DA:67,0
DA:68,1
DA:69,1
DA:70,1
DA:71,2
DA:72,2
DA:73,2
DA:74,2
DA:75,2
DA:76,2
DA:77,2
DA:78,2
DA:79,2
DA:80,2
DA:81,2
DA:82,2
DA:83,2
DA:84,2
DA:85,2
DA:86,2
DA:87,2
DA:88,2
DA:89,2
DA:90,2
DA:91,2
DA:92,2
DA:93,2
DA:94,2
DA:95,2
DA:96,2
DA:97,2
DA:98,2
DA:99,2
DA:100,2
DA:101,2
DA:102,2
DA:103,2
DA:104,2
DA:105,2
DA:106,2
DA:107,2
DA:108,2
DA:109,2
DA:110,2
DA:111,2
DA:112,2
DA:113,2
DA:114,2
DA:115,1
DA:116,1
DA:117,2
DA:118,2
DA:119,2
DA:120,2
DA:121,2
DA:122,2
DA:123,2
DA:124,2
DA:125,2
DA:126,2
DA:127,2
DA:128,0
DA:129,0
DA:130,2
DA:131,1
DA:132,1
DA:133,2
DA:134,2
DA:135,1
DA:136,1
DA:137,2
DA:138,1
DA:139,1
DA:140,1
DA:141,1
DA:142,1
DA:143,1
DA:144,1
DA:145,2
DA:146,2
DA:147,4
DA:148,4
DA:149,2
DA:150,2
DA:151,2
DA:152,2
DA:153,2
DA:154,2
DA:155,2
DA:156,1
DA:157,1
DA:158,1
DA:159,1
DA:160,1
DA:161,1
DA:162,1
DA:163,2
LF:163
LH:155
BRDA:5,0,0,1
BRDA:14,1,0,0
BRDA:20,2,0,3
BRDA:24,3,0,1
BRDA:24,4,0,2
BRDA:42,5,0,1
BRDA:51,6,0,2
BRDA:54,7,0,0
BRDA:60,8,0,1
BRDA:65,9,0,0
BRDA:70,10,0,2
BRDA:72,11,0,0
BRDA:110,12,0,0
BRDA:114,13,0,1
BRDA:127,14,0,0
BRDA:132,15,0,2
BRDA:134,16,0,1
BRDA:136,17,0,2
BRDA:144,18,0,2
BRDA:146,19,0,4
BRDA:147,20,0,0
BRDA:158,21,0,1
BRF:22
BRH:15
end_of_record
TN:
SF:src/services/ahpService.js
FN:9,exports.recalculateAHP
FNF:1
FNH:1
FNDA:2,exports.recalculateAHP
DA:1,1
DA:2,1
DA:3,1
DA:4,1
DA:5,1
DA:6,1
DA:7,1
DA:8,1
DA:9,1
DA:10,2
DA:11,2
DA:12,2
DA:13,2
DA:14,4
DA:15,4
DA:16,4
DA:17,4
DA:18,4
DA:19,2
DA:20,2
DA:21,1
DA:22,1
DA:23,1
LF:23
LH:23
BRDA:9,0,0,2
BRDA:20,1,0,1
BRDA:13,2,0,4
BRF:3
BRH:3
end_of_record
TN:
SF:src/services/emailService.js
FN:13,exports.sendCustomEmail
FN:41,exports.sendCustomEmailWithAttachment
FNF:2
FNH:2
FNDA:4,exports.sendCustomEmail
FNDA:1,exports.sendCustomEmailWithAttachment
DA:1,1
DA:2,1
DA:3,1
DA:4,1
DA:5,1
DA:6,1
DA:7,1
DA:8,1
DA:9,1
DA:10,1
DA:11,1
DA:12,1
DA:13,1
DA:14,4
DA:15,4
DA:16,4
DA:17,4
DA:18,4
DA:19,4
DA:20,2
DA:21,2
DA:22,2
DA:23,0
DA:24,0
DA:25,2
DA:26,1
DA:27,1
DA:28,1
DA:29,1
DA:30,1
DA:31,3
DA:32,3
DA:33,3
DA:34,3
DA:35,3
DA:36,3
DA:37,3
DA:38,2
DA:39,1
DA:40,1
DA:41,1
DA:42,1
DA:43,1
DA:44,1
DA:45,1
DA:46,1
DA:47,1
DA:48,1
DA:49,1
DA:50,1
DA:51,1
DA:52,1
DA:53,1
DA:54,1
DA:55,1
DA:56,1
DA:57,1
DA:58,1
DA:59,1
DA:60,1
DA:61,1
DA:62,1
LF:62
LH:60
BRDA:13,0,0,4
BRDA:19,1,0,2
BRDA:22,2,0,0
BRDA:25,3,0,1
BRDA:30,4,0,3
BRDA:37,5,0,2
BRDA:41,6,0,1
BRF:7
BRH:6
end_of_record
TN:
SF:src/utils/ahp.js
FN:3,exports.calcCR
FNF:1
FNH:1
FNDA:3,exports.calcCR
DA:1,1
DA:2,1
DA:3,1
DA:4,3
DA:5,3
DA:6,3
DA:7,3
DA:8,3
DA:9,3
DA:10,3
DA:11,3
DA:12,3
DA:13,3
DA:14,3
DA:15,3
DA:16,3
DA:17,3
DA:18,3
DA:19,3
DA:20,3
DA:21,3
DA:22,3
LF:22
LH:22
BRDA:3,0,0,3
BRDA:18,1,0,1
BRDA:8,2,0,17
BRDA:8,3,0,125
BRDA:10,4,0,17
BRDA:10,5,0,125
BRDA:14,6,0,17
BRF:7
BRH:7
end_of_record
TN:
SF:src/utils/score.js
FN:10,calcRollingAvg
FN:22,toGrade
FNF:2
FNH:0
FNDA:0,calcRollingAvg
FNDA:0,toGrade
DA:1,1
DA:2,1
DA:3,1
DA:4,1
DA:5,1
DA:6,1
DA:7,1
DA:8,1
DA:9,1
DA:10,1
DA:11,0
DA:12,0
DA:13,0
DA:14,0
DA:15,0
DA:16,0
DA:17,0
DA:18,0
DA:19,0
DA:20,0
DA:21,1
DA:22,1
DA:23,0
DA:24,0
DA:25,0
DA:26,1
DA:27,1
LF:27
LH:14
BRF:0
BRH:0
end_of_record
TN:
SF:src/utils/skor.js
FN:9,hitungSkor6Bulan
FNF:1
FNH:0
FNDA:0,hitungSkor6Bulan
DA:1,1
DA:2,1
DA:3,1
DA:4,1
DA:5,1
DA:6,1
DA:7,1
DA:8,1
DA:9,0
DA:10,0
DA:11,0
DA:12,0
DA:13,0
DA:14,0
DA:15,0
DA:16,0
DA:17,0
DA:18,0
DA:19,0
DA:20,0
DA:21,0
DA:22,0
DA:23,0
DA:24,0
DA:25,0
DA:26,0
DA:27,0
DA:28,0
DA:29,0
DA:30,0
DA:31,0
DA:32,0
DA:33,0
DA:34,0
DA:35,0
DA:36,1
DA:37,1
LF:37
LH:10
BRF:0
BRH:0
end_of_record
