TN:
SF:src\controllers\ahpController.js
FN:5,exports.calculateAHP
FNF:1
FNH:1
FNDA:5,exports.calculateAHP
DA:1,1
DA:2,1
DA:3,1
DA:4,1
DA:5,1
DA:6,5
DA:7,5
DA:8,5
DA:9,1
DA:10,1
DA:11,4
DA:12,5
DA:13,1
DA:14,1
DA:15,3
DA:16,3
DA:17,3
DA:18,3
DA:19,3
DA:20,3
DA:21,3
DA:22,2
DA:23,2
DA:24,2
DA:25,2
DA:26,2
DA:27,2
DA:28,2
DA:29,2
DA:30,5
DA:31,1
DA:32,1
DA:33,5
LF:33
LH:33
BRDA:5,0,0,5
BRDA:8,1,0,4
BRDA:8,2,0,4
BRDA:8,3,0,4
BRDA:8,4,0,1
BRDA:10,5,0,4
BRDA:12,6,0,1
BRDA:14,7,0,3
BRDA:21,8,0,2
BRDA:30,9,0,1
BRF:10
BRH:10
end_of_record
TN:
SF:src\controllers\authController.js
FN:8,exports.register
FN:31,exports.login
FN:57,exports.forgotPassword
FN:101,exports.resetPassword
FNF:4
FNH:4
FNDA:3,exports.register
FNDA:4,exports.login
FNDA:4,exports.forgotPassword
FNDA:3,exports.resetPassword
DA:1,1
DA:2,1
DA:3,1
DA:4,1
DA:5,1
DA:6,1
DA:7,1
DA:8,1
DA:9,3
DA:10,3
DA:11,1
DA:12,1
DA:13,2
DA:14,2
DA:15,2
DA:16,2
DA:17,2
DA:18,2
DA:19,2
DA:20,2
DA:21,2
DA:22,2
DA:23,2
DA:24,1
DA:25,1
DA:26,1
DA:27,1
DA:28,3
DA:29,1
DA:30,1
DA:31,1
DA:32,4
DA:33,4
DA:34,1
DA:35,1
DA:36,3
DA:37,3
DA:38,3
DA:39,4
DA:40,2
DA:41,2
DA:42,4
DA:43,1
DA:44,1
DA:45,1
DA:46,1
DA:47,1
DA:48,1
DA:49,1
DA:50,1
DA:51,4
DA:52,0
DA:53,0
DA:54,4
DA:55,1
DA:56,1
DA:57,1
DA:58,4
DA:59,4
DA:60,4
DA:61,4
DA:62,1
DA:63,1
DA:64,2
DA:65,2
DA:66,2
DA:67,2
DA:68,2
DA:69,2
DA:70,2
DA:71,2
DA:72,2
DA:73,2
DA:74,2
DA:75,2
DA:76,2
DA:77,2
DA:78,2
DA:79,2
DA:80,2
DA:81,2
DA:82,2
DA:83,2
DA:84,2
DA:85,2
DA:86,2
DA:87,1
DA:88,1
DA:89,1
DA:90,1
DA:91,1
DA:92,1
DA:93,1
DA:94,1
DA:95,4
DA:96,1
DA:97,1
DA:98,4
DA:99,1
DA:100,1
DA:101,1
DA:102,3
DA:103,3
DA:104,3
DA:105,3
DA:106,3
DA:107,3
DA:108,3
DA:109,3
DA:110,3
DA:111,3
DA:112,3
DA:113,3
DA:114,2
DA:115,3
DA:116,1
DA:117,1
DA:118,1
DA:119,1
DA:120,1
DA:121,1
DA:122,1
DA:123,1
DA:124,1
DA:125,1
DA:126,1
DA:127,1
DA:128,1
DA:129,1
DA:130,1
DA:131,1
DA:132,1
DA:133,1
DA:134,3
LF:134
LH:132
BRDA:8,0,0,3
BRDA:10,1,0,1
BRDA:12,2,0,2
BRDA:23,3,0,1
BRDA:31,4,0,4
BRDA:33,5,0,3
BRDA:33,6,0,1
BRDA:35,7,0,3
BRDA:39,8,0,1
BRDA:39,9,0,2
BRDA:42,10,0,1
BRDA:51,11,0,0
BRDA:57,12,0,4
BRDA:60,13,0,3
BRDA:61,14,0,1
BRDA:63,15,0,2
BRDA:86,16,0,1
BRDA:95,17,0,1
BRDA:101,18,0,3
BRDA:113,19,0,2
BRDA:115,20,0,1
BRF:21
BRH:20
end_of_record
TN:
SF:src\controllers\bobotController.js
FN:7,exports.getAllBobot
FN:19,exports.upsertBobot
FN:59,hitungSkor
FNF:3
FNH:2
FNDA:2,exports.getAllBobot
FNDA:3,exports.upsertBobot
FNDA:0,hitungSkor
DA:1,1
DA:2,1
DA:3,1
DA:4,1
DA:5,1
DA:6,1
DA:7,1
DA:8,2
DA:9,2
DA:10,2
DA:11,2
DA:12,1
DA:13,1
DA:14,1
DA:15,1
DA:16,2
DA:17,1
DA:18,1
DA:19,1
DA:20,3
DA:21,3
DA:22,3
DA:23,2
DA:24,2
DA:25,2
DA:26,2
DA:27,2
DA:28,2
DA:29,2
DA:30,2
DA:31,1
DA:32,1
DA:33,1
DA:34,1
DA:35,1
DA:36,1
DA:37,2
DA:38,2
DA:39,2
DA:40,2
DA:41,1
DA:42,1
DA:43,1
DA:44,1
DA:45,1
DA:46,1
DA:47,1
DA:48,3
DA:49,2
DA:50,2
DA:51,1
DA:52,1
DA:53,1
DA:54,1
DA:55,1
DA:56,3
DA:57,1
DA:58,1
DA:59,0
DA:60,0
DA:61,0
DA:62,0
DA:63,0
DA:64,0
DA:65,0
DA:66,0
DA:67,0
DA:68,0
DA:69,0
DA:70,0
DA:71,0
DA:72,0
LF:72
LH:58
BRDA:7,0,0,2
BRDA:11,1,0,1
BRDA:19,2,0,3
BRDA:21,3,0,2
BRDA:22,4,0,1
BRDA:22,5,0,2
BRDA:30,6,0,1
BRDA:48,7,0,2
BRDA:50,8,0,1
BRDA:34,9,0,2
BRDA:36,10,0,2
BRF:11
BRH:11
end_of_record
TN:
SF:src\controllers\dashboardController.js
FN:6,exports.getKesimpulanGlobal
FN:42,exports.getSkorKaryawan
FN:82,exports.getRingkasanBulanan
FNF:3
FNH:3
FNDA:2,exports.getKesimpulanGlobal
FNDA:2,exports.getSkorKaryawan
FNDA:1,exports.getRingkasanBulanan
DA:1,1
DA:2,1
DA:3,1
DA:4,1
DA:5,1
DA:6,1
DA:7,2
DA:8,2
DA:9,2
DA:10,2
DA:11,1
DA:12,1
DA:13,2
DA:14,0
DA:15,0
DA:16,0
DA:17,0
DA:18,0
DA:19,1
DA:20,1
DA:21,1
DA:22,1
DA:23,4
DA:24,4
DA:25,1
DA:26,1
DA:27,1
DA:28,1
DA:29,1
DA:30,1
DA:31,1
DA:32,1
DA:33,1
DA:34,1
DA:35,1
DA:36,1
DA:37,2
DA:38,1
DA:39,1
DA:40,1
DA:41,1
DA:42,1
DA:43,2
DA:44,2
DA:45,2
DA:46,2
DA:47,2
DA:48,2
DA:49,2
DA:50,2
DA:51,2
DA:52,2
DA:53,2
DA:54,2
DA:55,2
DA:56,2
DA:57,1
DA:58,1
DA:59,2
DA:60,2
DA:61,4
DA:62,4
DA:63,2
DA:64,2
DA:65,2
DA:66,2
DA:67,2
DA:68,2
DA:69,2
DA:70,2
DA:71,1
DA:72,1
DA:73,1
DA:74,1
DA:75,1
DA:76,1
DA:77,2
DA:78,1
DA:79,1
DA:80,1
DA:81,1
DA:82,1
DA:83,1
DA:84,1
DA:85,1
DA:86,1
DA:87,0
DA:88,0
DA:89,1
LF:89
LH:82
BRDA:6,0,0,2
BRDA:10,1,0,1
BRDA:13,2,0,0
BRDA:18,3,0,1
BRDA:22,4,0,4
BRDA:24,5,0,2
BRDA:27,6,0,1
BRDA:32,7,0,2
BRDA:42,8,0,2
BRDA:56,9,0,1
BRDA:58,10,0,2
BRDA:60,11,0,4
BRDA:61,12,0,3
BRDA:61,13,0,1
BRDA:82,14,0,1
BRDA:86,15,0,0
BRF:16
BRH:14
end_of_record
TN:
SF:src\controllers\karyawanController.js
FN:14,generateTerminationLetterPDF
FN:64,exports.getAllKaryawan
FN:81,exports.getKaryawanById
FN:97,exports.getKaryawanPenilaian
FN:125,exports.addKaryawan
FN:143,exports.deleteKaryawan
FN:158,exports.updateKaryawan
FN:186,exports.downloadLaporanKaryawan
FN:226,exports.downloadGradesExcel
FN:262,exports.downloadRawScoresExcel
FN:294,exports.pemecatanKaryawanById
FN:345,generateLaporanPDF
FN:417,exports.generateRekapGlobalPDF
FN:494,exports.importCsvKaryawan
FN:528,exports.importCsvNilai
FN:567,exports.reviewPerpanjanganKontrak
FNF:16
FNH:8
FNDA:0,generateTerminationLetterPDF
FNDA:2,exports.getAllKaryawan
FNDA:4,exports.getKaryawanById
FNDA:0,exports.getKaryawanPenilaian
FNDA:3,exports.addKaryawan
FNDA:3,exports.deleteKaryawan
FNDA:5,exports.updateKaryawan
FNDA:4,exports.downloadLaporanKaryawan
FNDA:2,exports.downloadGradesExcel
FNDA:2,exports.downloadRawScoresExcel
FNDA:0,exports.pemecatanKaryawanById
FNDA:0,generateLaporanPDF
FNDA:0,exports.generateRekapGlobalPDF
FNDA:0,exports.importCsvKaryawan
FNDA:0,exports.importCsvNilai
FNDA:0,exports.reviewPerpanjanganKontrak
DA:1,1
DA:2,1
DA:3,1
DA:4,1
DA:5,1
DA:6,1
DA:7,1
DA:8,1
DA:9,1
DA:10,1
DA:11,1
DA:12,1
DA:13,1
DA:14,0
DA:15,0
DA:16,0
DA:17,0
DA:18,0
DA:19,0
DA:20,0
DA:21,0
DA:22,0
DA:23,0
DA:24,0
DA:25,0
DA:26,0
DA:27,0
DA:28,0
DA:29,0
DA:30,0
DA:31,0
DA:32,0
DA:33,0
DA:34,0
DA:35,0
DA:36,0
DA:37,0
DA:38,0
DA:39,0
DA:40,0
DA:41,0
DA:42,0
DA:43,0
DA:44,0
DA:45,0
DA:46,0
DA:47,0
DA:48,0
DA:49,0
DA:50,0
DA:51,0
DA:52,0
DA:53,0
DA:54,0
DA:55,0
DA:56,0
DA:57,0
DA:58,0
DA:59,0
DA:60,0
DA:61,0
DA:62,1
DA:63,1
DA:64,1
DA:65,2
DA:66,2
DA:67,1
DA:68,1
DA:69,1
DA:70,2
DA:71,2
DA:72,1
DA:73,1
DA:74,1
DA:75,1
DA:76,1
DA:77,1
DA:78,1
DA:79,2
DA:80,1
DA:81,1
DA:82,4
DA:83,4
DA:84,3
DA:85,3
DA:86,3
DA:87,2
DA:88,4
DA:89,1
DA:90,1
DA:91,1
DA:92,1
DA:93,1
DA:94,1
DA:95,4
DA:96,1
DA:97,1
DA:98,0
DA:99,0
DA:100,0
DA:101,0
DA:102,0
DA:103,0
DA:104,0
DA:105,0
DA:106,0
DA:107,0
DA:108,0
DA:109,0
DA:110,0
DA:111,0
DA:112,0
DA:113,0
DA:114,0
DA:115,0
DA:116,0
DA:117,0
DA:118,0
DA:119,0
DA:120,0
DA:121,0
DA:122,0
DA:123,1
DA:124,1
DA:125,1
DA:126,3
DA:127,3
DA:128,3
DA:129,3
DA:130,3
DA:131,3
DA:132,3
DA:133,3
DA:134,1
DA:135,3
DA:136,2
DA:137,2
DA:138,1
DA:139,1
DA:140,3
DA:141,1
DA:142,1
DA:143,1
DA:144,3
DA:145,3
DA:146,3
DA:147,3
DA:148,3
DA:149,1
DA:150,3
DA:151,2
DA:152,2
DA:153,1
DA:154,1
DA:155,3
DA:156,1
DA:157,1
DA:158,1
DA:159,5
DA:160,5
DA:161,5
DA:162,5
DA:163,5
DA:164,5
DA:165,4
DA:166,4
DA:167,4
DA:168,4
DA:169,4
DA:170,5
DA:171,5
DA:172,5
DA:173,5
DA:174,5
DA:175,1
DA:176,5
DA:177,3
DA:178,3
DA:179,2
DA:180,3
DA:181,1
DA:182,1
DA:183,5
DA:184,1
DA:185,1
DA:186,1
DA:187,4
DA:188,4
DA:189,1
DA:190,1
DA:191,3
DA:192,3
DA:193,3
DA:194,3
DA:195,3
DA:196,3
DA:197,3
DA:198,3
DA:199,3
DA:200,3
DA:201,3
DA:202,3
DA:203,3
DA:204,3
DA:205,2
DA:206,2
DA:207,4
DA:208,1
DA:209,1
DA:210,1
DA:211,1
DA:212,1
DA:213,1
DA:214,1
DA:215,1
DA:216,1
DA:217,1
DA:218,1
DA:219,1
DA:220,1
DA:221,1
DA:222,1
DA:223,1
DA:224,4
DA:225,1
DA:226,1
DA:227,2
DA:228,2
DA:229,1
DA:230,1
DA:231,1
DA:232,2
DA:233,2
DA:234,2
DA:235,2
DA:236,2
DA:237,2
DA:238,2
DA:239,2
DA:240,1
DA:241,1
DA:242,1
DA:243,1
DA:244,1
DA:245,1
DA:246,1
DA:247,1
DA:248,2
DA:249,1
DA:250,1
DA:251,1
DA:252,1
DA:253,1
DA:254,1
DA:255,1
DA:256,1
DA:257,1
DA:258,1
DA:259,1
DA:260,2
DA:261,1
DA:262,1
DA:263,2
DA:264,2
DA:265,2
DA:266,2
DA:267,2
DA:268,2
DA:269,2
DA:270,2
DA:271,1
DA:272,1
DA:273,1
DA:274,1
DA:275,1
DA:276,1
DA:277,2
DA:278,2
DA:279,1
DA:280,1
DA:281,1
DA:282,1
DA:283,1
DA:284,1
DA:285,1
DA:286,1
DA:287,1
DA:288,1
DA:289,1
DA:290,2
DA:291,1
DA:292,1
DA:293,1
DA:294,1
DA:295,0
DA:296,0
DA:297,0
DA:298,0
DA:299,0
DA:300,0
DA:301,0
DA:302,0
DA:303,0
DA:304,0
DA:305,0
DA:306,0
DA:307,0
DA:308,0
DA:309,0
DA:310,0
DA:311,0
DA:312,0
DA:313,0
DA:314,0
DA:315,0
DA:316,0
DA:317,0
DA:318,0
DA:319,0
DA:320,0
DA:321,0
DA:322,0
DA:323,0
DA:324,0
DA:325,0
DA:326,0
DA:327,0
DA:328,0
DA:329,0
DA:330,0
DA:331,0
DA:332,0
DA:333,0
DA:334,0
DA:335,0
DA:336,0
DA:337,0
DA:338,0
DA:339,0
DA:340,0
DA:341,0
DA:342,0
DA:343,1
DA:344,1
DA:345,0
DA:346,0
DA:347,0
DA:348,0
DA:349,0
DA:350,0
DA:351,0
DA:352,0
DA:353,0
DA:354,0
DA:355,0
DA:356,0
DA:357,0
DA:358,0
DA:359,0
DA:360,0
DA:361,0
DA:362,0
DA:363,0
DA:364,0
DA:365,0
DA:366,0
DA:367,0
DA:368,0
DA:369,0
DA:370,0
DA:371,0
DA:372,0
DA:373,0
DA:374,0
DA:375,0
DA:376,0
DA:377,0
DA:378,0
DA:379,0
DA:380,0
DA:381,0
DA:382,0
DA:383,0
DA:384,0
DA:385,0
DA:386,0
DA:387,0
DA:388,0
DA:389,0
DA:390,0
DA:391,0
DA:392,0
DA:393,0
DA:394,0
DA:395,0
DA:396,0
DA:397,0
DA:398,0
DA:399,0
DA:400,0
DA:401,0
DA:402,0
DA:403,0
DA:404,0
DA:405,0
DA:406,0
DA:407,0
DA:408,0
DA:409,0
DA:410,0
DA:411,0
DA:412,0
DA:413,0
DA:414,0
DA:415,1
DA:416,1
DA:417,1
DA:418,0
DA:419,0
DA:420,0
DA:421,0
DA:422,0
DA:423,0
DA:424,0
DA:425,0
DA:426,0
DA:427,0
DA:428,0
DA:429,0
DA:430,0
DA:431,0
DA:432,0
DA:433,0
DA:434,0
DA:435,0
DA:436,0
DA:437,0
DA:438,0
DA:439,0
DA:440,0
DA:441,0
DA:442,0
DA:443,0
DA:444,0
DA:445,0
DA:446,0
DA:447,0
DA:448,0
DA:449,0
DA:450,0
DA:451,0
DA:452,0
DA:453,0
DA:454,0
DA:455,0
DA:456,0
DA:457,0
DA:458,0
DA:459,0
DA:460,0
DA:461,0
DA:462,0
DA:463,0
DA:464,0
DA:465,0
DA:466,0
DA:467,0
DA:468,0
DA:469,0
DA:470,0
DA:471,0
DA:472,0
DA:473,0
DA:474,0
DA:475,0
DA:476,0
DA:477,0
DA:478,0
DA:479,0
DA:480,0
DA:481,0
DA:482,0
DA:483,0
DA:484,0
DA:485,0
DA:486,1
DA:487,1
DA:488,1
DA:489,1
DA:490,1
DA:491,1
DA:492,1
DA:493,1
DA:494,1
DA:495,0
DA:496,0
DA:497,0
DA:498,0
DA:499,0
DA:500,0
DA:501,0
DA:502,0
DA:503,0
DA:504,0
DA:505,0
DA:506,0
DA:507,0
DA:508,0
DA:509,0
DA:510,0
DA:511,0
DA:512,0
DA:513,0
DA:514,0
DA:515,0
DA:516,0
DA:517,0
DA:518,0
DA:519,0
DA:520,1
DA:521,1
DA:522,1
DA:523,1
DA:524,1
DA:525,1
DA:526,1
DA:527,1
DA:528,1
DA:529,0
DA:530,0
DA:531,0
DA:532,0
DA:533,0
DA:534,0
DA:535,0
DA:536,0
DA:537,0
DA:538,0
DA:539,0
DA:540,0
DA:541,0
DA:542,0
DA:543,0
DA:544,0
DA:545,0
DA:546,0
DA:547,0
DA:548,0
DA:549,0
DA:550,0
DA:551,0
DA:552,0
DA:553,0
DA:554,0
DA:555,0
DA:556,0
DA:557,0
DA:558,0
DA:559,0
DA:560,0
DA:561,1
DA:562,1
DA:563,1
DA:564,1
DA:565,1
DA:566,1
DA:567,1
DA:568,0
DA:569,0
DA:570,0
DA:571,0
DA:572,0
DA:573,0
DA:574,0
DA:575,0
DA:576,0
DA:577,0
DA:578,0
DA:579,0
DA:580,0
DA:581,0
DA:582,0
DA:583,0
DA:584,0
DA:585,0
DA:586,0
DA:587,0
DA:588,0
DA:589,0
DA:590,0
DA:591,0
DA:592,0
DA:593,0
DA:594,0
DA:595,0
DA:596,0
DA:597,0
DA:598,0
LF:598
LH:251
BRDA:64,0,0,2
BRDA:66,1,0,1
BRDA:69,2,0,2
BRDA:81,3,0,4
BRDA:83,4,0,1
BRDA:83,5,0,3
BRDA:86,6,0,2
BRDA:88,7,0,1
BRDA:125,8,0,3
BRDA:128,9,0,0
BRDA:132,10,0,2
BRDA:133,11,0,1
BRDA:135,12,0,2
BRDA:136,13,0,1
BRDA:137,14,0,1
BRDA:143,15,0,3
BRDA:145,16,0,0
BRDA:148,17,0,1
BRDA:150,18,0,2
BRDA:152,19,0,1
BRDA:158,20,0,5
BRDA:162,21,0,0
BRDA:163,22,0,2
BRDA:163,23,0,2
BRDA:164,24,0,1
BRDA:164,25,0,4
BRDA:170,26,0,3
BRDA:171,27,0,0
BRDA:172,28,0,1
BRDA:174,29,0,1
BRDA:176,30,0,3
BRDA:177,31,0,1
BRDA:178,32,0,1
BRDA:178,33,0,2
BRDA:180,34,0,1
BRDA:186,35,0,4
BRDA:188,36,0,1
BRDA:190,37,0,3
BRDA:204,38,0,2
BRDA:207,39,0,1
BRDA:226,40,0,2
BRDA:228,41,0,1
BRDA:231,42,0,2
BRDA:236,43,0,0
BRDA:247,44,0,2
BRDA:262,45,0,2
BRDA:270,46,0,1
BRDA:276,47,0,2
BRDA:277,48,0,0
BRDA:278,49,0,0
BRF:50
BRH:43
end_of_record
TN:
SF:src\controllers\kriteriaController.js
FN:5,exports.getAllKriteria
FN:17,exports.addKriteria
FN:30,exports.deleteKriteria
FN:40,exports.recalculate
FNF:4
FNH:4
FNDA:2,exports.getAllKriteria
FNDA:2,exports.addKriteria
FNDA:2,exports.deleteKriteria
FNDA:2,exports.recalculate
DA:1,1
DA:2,1
DA:3,1
DA:4,1
DA:5,1
DA:6,2
DA:7,2
DA:8,2
DA:9,2
DA:10,1
DA:11,1
DA:12,1
DA:13,1
DA:14,2
DA:15,1
DA:16,1
DA:17,1
DA:18,2
DA:19,2
DA:20,2
DA:21,2
DA:22,2
DA:23,1
DA:24,1
DA:25,1
DA:26,1
DA:27,2
DA:28,1
DA:29,1
DA:30,1
DA:31,2
DA:32,2
DA:33,2
DA:34,1
DA:35,1
DA:36,1
DA:37,1
DA:38,2
DA:39,1
DA:40,1
DA:41,2
DA:42,2
DA:43,2
DA:44,1
DA:45,1
DA:46,1
DA:47,1
DA:48,2
LF:48
LH:48
BRDA:5,0,0,2
BRDA:9,1,0,1
BRDA:17,2,0,2
BRDA:22,3,0,1
BRDA:30,4,0,2
BRDA:33,5,0,1
BRDA:40,6,0,2
BRDA:43,7,0,1
BRF:8
BRH:8
end_of_record
TN:
SF:src\controllers\notifikasiController.js
FN:14,generateLaporanPDF
FN:44,kirimNotifikasiMassal
FN:91,kirimEmailKaryawan
FN:125,kirimPeringatan
FNF:4
FNH:2
FNDA:0,generateLaporanPDF
FNDA:0,kirimNotifikasiMassal
FNDA:2,kirimEmailKaryawan
FNDA:1,kirimPeringatan
DA:1,1
DA:2,1
DA:3,1
DA:4,1
DA:5,1
DA:6,1
DA:7,1
DA:8,1
DA:9,1
DA:10,1
DA:11,1
DA:12,1
DA:13,1
DA:14,0
DA:15,0
DA:16,0
DA:17,0
DA:18,0
DA:19,0
DA:20,0
DA:21,0
DA:22,0
DA:23,0
DA:24,0
DA:25,0
DA:26,0
DA:27,0
DA:28,0
DA:29,0
DA:30,0
DA:31,0
DA:32,0
DA:33,0
DA:34,0
DA:35,0
DA:36,0
DA:37,0
DA:38,0
DA:39,0
DA:40,0
DA:41,0
DA:42,0
DA:43,1
DA:44,1
DA:45,0
DA:46,0
DA:47,0
DA:48,0
DA:49,0
DA:50,0
DA:51,0
DA:52,0
DA:53,0
DA:54,0
DA:55,0
DA:56,0
DA:57,0
DA:58,0
DA:59,0
DA:60,0
DA:61,0
DA:62,0
DA:63,0
DA:64,0
DA:65,0
DA:66,0
DA:67,0
DA:68,0
DA:69,0
DA:70,0
DA:71,0
DA:72,0
DA:73,0
DA:74,0
DA:75,0
DA:76,0
DA:77,0
DA:78,0
DA:79,0
DA:80,0
DA:81,0
DA:82,0
DA:83,0
DA:84,0
DA:85,0
DA:86,0
DA:87,0
DA:88,0
DA:89,0
DA:90,1
DA:91,1
DA:92,2
DA:93,2
DA:94,2
DA:95,2
DA:96,2
DA:97,2
DA:98,2
DA:99,2
DA:100,1
DA:101,1
DA:102,1
DA:103,1
DA:104,1
DA:105,1
DA:106,1
DA:107,1
DA:108,1
DA:109,1
DA:110,1
DA:111,1
DA:112,1
DA:113,2
DA:114,2
DA:115,2
DA:116,1
DA:117,1
DA:118,1
DA:119,1
DA:120,2
DA:121,0
DA:122,0
DA:123,2
DA:124,1
DA:125,1
DA:126,1
DA:127,1
DA:128,1
DA:129,1
DA:130,1
DA:131,0
DA:132,0
DA:133,0
DA:134,1
DA:135,1
DA:136,1
DA:137,1
DA:138,1
DA:139,1
DA:140,1
DA:141,1
LF:141
LH:62
BRDA:91,0,0,2
BRDA:99,1,0,1
BRDA:99,2,0,1
BRDA:99,3,0,1
BRDA:113,4,0,0
BRDA:115,5,0,1
BRDA:120,6,0,0
BRDA:113,7,0,1
BRDA:125,8,0,1
BRDA:130,9,0,0
BRF:10
BRH:7
end_of_record
TN:
SF:src\controllers\penilaianController.js
FN:5,exports.getAllPenilaian
FN:20,exports.upsertPenilaian
FN:60,exports.deletePenilaian
FN:70,exports.getOverview
FN:132,exports.getRanking
FNF:5
FNH:5
FNDA:1,exports.getAllPenilaian
FNDA:3,exports.upsertPenilaian
FNDA:1,exports.deletePenilaian
FNDA:2,exports.getOverview
FNDA:2,exports.getRanking
DA:1,1
DA:2,1
DA:3,1
DA:4,1
DA:5,1
DA:6,1
DA:7,1
DA:8,1
DA:9,1
DA:10,1
DA:11,1
DA:12,1
DA:13,1
DA:14,1
DA:15,0
DA:16,0
DA:17,1
DA:18,1
DA:19,1
DA:20,1
DA:21,3
DA:22,3
DA:23,3
DA:24,3
DA:25,2
DA:26,2
DA:27,2
DA:28,2
DA:29,2
DA:30,2
DA:31,2
DA:32,2
DA:33,2
DA:34,2
DA:35,2
DA:36,2
DA:37,2
DA:38,2
DA:39,2
DA:40,2
DA:41,2
DA:42,3
DA:43,1
DA:44,1
DA:45,1
DA:46,1
DA:47,1
DA:48,1
DA:49,1
DA:50,1
DA:51,1
DA:52,2
DA:53,2
DA:54,3
DA:55,0
DA:56,0
DA:57,3
DA:58,1
DA:59,1
DA:60,1
DA:61,1
DA:62,1
DA:63,1
DA:64,1
DA:65,1
DA:66,0
DA:67,0
DA:68,1
DA:69,1
DA:70,1
DA:71,2
DA:72,2
DA:73,2
DA:74,2
DA:75,2
DA:76,2
DA:77,2
DA:78,2
DA:79,2
DA:80,2
DA:81,2
DA:82,2
DA:83,2
DA:84,2
DA:85,2
DA:86,2
DA:87,2
DA:88,2
DA:89,2
DA:90,2
DA:91,2
DA:92,2
DA:93,2
DA:94,2
DA:95,2
DA:96,2
DA:97,2
DA:98,2
DA:99,2
DA:100,2
DA:101,2
DA:102,2
DA:103,2
DA:104,2
DA:105,2
DA:106,2
DA:107,2
DA:108,2
DA:109,2
DA:110,2
DA:111,2
DA:112,2
DA:113,2
DA:114,2
DA:115,1
DA:116,1
DA:117,2
DA:118,2
DA:119,2
DA:120,2
DA:121,2
DA:122,2
DA:123,2
DA:124,2
DA:125,2
DA:126,2
DA:127,2
DA:128,0
DA:129,0
DA:130,2
DA:131,1
DA:132,1
DA:133,2
DA:134,2
DA:135,1
DA:136,1
DA:137,2
DA:138,1
DA:139,1
DA:140,1
DA:141,1
DA:142,1
DA:143,1
DA:144,1
DA:145,2
DA:146,2
DA:147,4
DA:148,4
DA:149,2
DA:150,2
DA:151,2
DA:152,2
DA:153,2
DA:154,2
DA:155,2
DA:156,1
DA:157,1
DA:158,1
DA:159,1
DA:160,1
DA:161,1
DA:162,1
DA:163,2
LF:163
LH:155
BRDA:5,0,0,1
BRDA:14,1,0,0
BRDA:20,2,0,3
BRDA:24,3,0,1
BRDA:24,4,0,2
BRDA:42,5,0,1
BRDA:51,6,0,2
BRDA:54,7,0,0
BRDA:60,8,0,1
BRDA:65,9,0,0
BRDA:70,10,0,2
BRDA:72,11,0,0
BRDA:110,12,0,0
BRDA:114,13,0,1
BRDA:127,14,0,0
BRDA:132,15,0,2
BRDA:134,16,0,1
BRDA:136,17,0,2
BRDA:144,18,0,2
BRDA:146,19,0,4
BRDA:147,20,0,0
BRDA:158,21,0,1
BRF:22
BRH:15
end_of_record
TN:
SF:src\services\ahpService.js
FN:9,exports.recalculateAHP
FNF:1
FNH:1
FNDA:2,exports.recalculateAHP
DA:1,1
DA:2,1
DA:3,1
DA:4,1
DA:5,1
DA:6,1
DA:7,1
DA:8,1
DA:9,1
DA:10,2
DA:11,2
DA:12,2
DA:13,2
DA:14,4
DA:15,4
DA:16,4
DA:17,4
DA:18,4
DA:19,2
DA:20,2
DA:21,1
DA:22,1
DA:23,1
LF:23
LH:23
BRDA:9,0,0,2
BRDA:20,1,0,1
BRDA:13,2,0,4
BRF:3
BRH:3
end_of_record
TN:
SF:src\services\emailService.js
FN:13,exports.sendEmail
FN:28,exports.sendCustomEmail
FN:71,exports.sendCustomEmailWithAttachment
FNF:3
FNH:2
FNDA:0,exports.sendEmail
FNDA:4,exports.sendCustomEmail
FNDA:1,exports.sendCustomEmailWithAttachment
DA:1,1
DA:2,1
DA:3,1
DA:4,1
DA:5,1
DA:6,1
DA:7,1
DA:8,1
DA:9,1
DA:10,1
DA:11,1
DA:12,1
DA:13,1
DA:14,0
DA:15,0
DA:16,0
DA:17,0
DA:18,0
DA:19,0
DA:20,0
DA:21,0
DA:22,0
DA:23,0
DA:24,0
DA:25,0
DA:26,0
DA:27,1
DA:28,1
DA:29,4
DA:30,0
DA:31,0
DA:32,0
DA:33,4
DA:34,4
DA:35,4
DA:36,4
DA:37,4
DA:38,4
DA:39,4
DA:40,0
DA:41,0
DA:42,0
DA:43,0
DA:44,0
DA:45,0
DA:46,0
DA:47,0
DA:48,4
DA:49,4
DA:50,2
DA:51,2
DA:52,2
DA:53,0
DA:54,0
DA:55,2
DA:56,1
DA:57,1
DA:58,1
DA:59,1
DA:60,1
DA:61,3
DA:62,3
DA:63,3
DA:64,3
DA:65,3
DA:66,3
DA:67,3
DA:68,2
DA:69,1
DA:70,1
DA:71,1
DA:72,1
DA:73,1
DA:74,1
DA:75,1
DA:76,1
DA:77,1
DA:78,1
DA:79,1
DA:80,0
DA:81,0
DA:82,0
DA:83,1
DA:84,1
DA:85,1
DA:86,1
DA:87,1
DA:88,1
DA:89,1
DA:90,1
DA:91,0
DA:92,0
DA:93,0
DA:94,0
DA:95,0
DA:96,0
DA:97,0
DA:98,0
DA:99,0
DA:100,0
DA:101,1
DA:102,1
DA:103,1
DA:104,1
DA:105,1
DA:106,1
DA:107,1
DA:108,1
DA:109,1
DA:110,1
DA:111,1
DA:112,1
DA:113,1
DA:114,1
DA:115,1
DA:116,1
DA:117,1
DA:118,1
DA:119,0
DA:120,0
DA:121,0
DA:122,0
DA:123,1
DA:124,1
DA:125,1
DA:126,1
DA:127,1
DA:128,1
DA:129,1
DA:130,1
DA:131,1
DA:132,1
DA:133,1
DA:134,1
DA:135,1
DA:136,1
LF:136
LH:93
BRDA:28,0,0,4
BRDA:29,1,0,0
BRDA:39,2,0,0
BRDA:39,3,0,0
BRDA:49,4,0,2
BRDA:52,5,0,0
BRDA:55,6,0,1
BRDA:60,7,0,3
BRDA:67,8,0,2
BRDA:71,9,0,1
BRDA:79,10,0,0
BRDA:90,11,0,0
BRDA:118,12,0,0
BRF:13
BRH:6
end_of_record
TN:
SF:src\services\reportService.js
FN:13,exports.generateKaryawanReportPDF
FN:93,prepareHeader
FN:94,prepareRow
FNF:3
FNH:1
FNDA:4,exports.generateKaryawanReportPDF
FNDA:0,prepareHeader
FNDA:0,prepareRow
DA:1,1
DA:2,1
DA:3,1
DA:4,1
DA:5,1
DA:6,1
DA:7,1
DA:8,1
DA:9,1
DA:10,1
DA:11,1
DA:12,1
DA:13,1
DA:14,4
DA:15,4
DA:16,4
DA:17,4
DA:18,4
DA:19,4
DA:20,4
DA:21,4
DA:22,4
DA:23,4
DA:24,4
DA:25,4
DA:26,4
DA:27,4
DA:28,4
DA:29,4
DA:30,4
DA:31,4
DA:32,4
DA:33,4
DA:34,4
DA:35,4
DA:36,4
DA:37,4
DA:38,4
DA:39,4
DA:40,4
DA:41,4
DA:42,4
DA:43,4
DA:44,4
DA:45,4
DA:46,4
DA:47,4
DA:48,6
DA:49,6
DA:50,5
DA:51,5
DA:52,6
DA:53,4
DA:54,4
DA:55,4
DA:56,4
DA:57,4
DA:58,4
DA:59,1
DA:60,1
DA:61,1
DA:62,1
DA:63,4
DA:64,3
DA:65,5
DA:66,5
DA:67,5
DA:68,5
DA:69,5
DA:70,5
DA:71,5
DA:72,5
DA:73,5
DA:74,5
DA:75,5
DA:76,5
DA:77,5
DA:78,5
DA:79,5
DA:80,6
DA:81,6
DA:82,5
DA:83,5
DA:84,5
DA:85,5
DA:86,5
DA:87,5
DA:88,5
DA:89,0
DA:90,0
DA:91,0
DA:92,5
DA:93,5
DA:94,5
DA:95,0
DA:96,5
DA:97,5
DA:98,5
DA:99,5
DA:100,5
DA:101,5
DA:102,5
DA:103,3
DA:104,4
DA:105,4
DA:106,4
DA:107,4
DA:108,4
LF:108
LH:104
BRDA:13,0,0,4
BRDA:14,1,0,4
BRDA:38,2,0,0
BRDA:58,3,0,1
BRDA:63,4,0,3
BRDA:64,5,0,5
BRDA:88,6,0,0
BRDA:20,7,0,4
BRDA:47,8,0,6
BRDA:49,9,0,5
BRDA:68,10,0,6
BRDA:79,11,0,6
BRF:12
BRH:10
end_of_record
TN:
SF:src\utils\ahp.js
FN:3,exports.calcCR
FNF:1
FNH:1
FNDA:1,exports.calcCR
DA:1,1
DA:2,1
DA:3,1
DA:4,1
DA:5,1
DA:6,1
DA:7,1
DA:8,1
DA:9,1
DA:10,1
DA:11,1
DA:12,1
DA:13,1
DA:14,1
DA:15,1
DA:16,1
DA:17,1
DA:18,1
DA:19,1
DA:20,1
DA:21,1
DA:22,1
LF:22
LH:22
BRDA:3,0,0,1
BRDA:18,1,0,0
BRDA:8,2,0,5
BRDA:8,3,0,25
BRDA:10,4,0,5
BRDA:10,5,0,25
BRDA:14,6,0,5
BRF:7
BRH:6
end_of_record
TN:
SF:src\utils\score.js
FN:2,calcRollingAvg
FN:14,toGrade
FNF:2
FNH:2
FNDA:3,calcRollingAvg
FNDA:11,toGrade
DA:1,1
DA:2,1
DA:3,3
DA:4,3
DA:5,3
DA:6,3
DA:7,3
DA:8,3
DA:9,3
DA:10,3
DA:11,3
DA:12,3
DA:13,1
DA:14,1
DA:15,11
DA:16,11
DA:17,11
DA:18,11
DA:19,11
DA:20,0
DA:21,0
DA:22,1
DA:23,1
LF:23
LH:21
BRDA:2,0,0,3
BRDA:11,1,0,2
BRDA:14,2,0,11
BRDA:15,3,0,2
BRDA:15,4,0,9
BRDA:16,5,0,2
BRDA:16,6,0,7
BRDA:17,7,0,2
BRDA:17,8,0,5
BRDA:18,9,0,1
BRDA:18,10,0,4
BRDA:19,11,0,0
BRF:12
BRH:11
end_of_record
TN:
SF:src\utils\skor.js
FN:10,hitungSkor6Bulan
FNF:1
FNH:1
FNDA:3,hitungSkor6Bulan
DA:1,1
DA:2,1
DA:3,1
DA:4,1
DA:5,1
DA:6,1
DA:7,1
DA:8,1
DA:9,1
DA:10,3
DA:11,3
DA:12,3
DA:13,3
DA:14,3
DA:15,3
DA:16,3
DA:17,3
DA:18,3
DA:19,3
DA:20,3
DA:21,3
DA:22,4
DA:23,4
DA:24,4
DA:25,3
DA:26,3
DA:27,3
DA:28,2
DA:29,2
DA:30,3
DA:31,3
DA:32,3
DA:33,3
DA:34,3
DA:35,3
DA:36,3
DA:37,1
DA:38,1
LF:38
LH:38
BRDA:10,0,0,3
BRDA:28,1,0,2
BRDA:30,2,0,1
BRDA:21,3,0,4
BRDA:23,4,0,0
BRDA:24,5,0,3
BRDA:28,6,0,3
BRF:7
BRH:6
end_of_record
